{"C:\\Users\\stefa\\futureproof\\wk3\\friday\\app.js": {"path":"C:\\Users\\stefa\\futureproof\\wk3\\friday\\app.js","statementMap":{"0":{"start":{"line":1,"column":16},"end":{"line":1,"column":34}},"1":{"start":{"line":2,"column":12},"end":{"line":2,"column":21}},"2":{"start":{"line":3,"column":13},"end":{"line":3,"column":28}},"3":{"start":{"line":5,"column":23},"end":{"line":9,"column":1}},"4":{"start":{"line":11,"column":17},"end":{"line":16,"column":1}},"5":{"start":{"line":18,"column":0},"end":{"line":18,"column":16}},"6":{"start":{"line":19,"column":0},"end":{"line":19,"column":24}},"7":{"start":{"line":21,"column":0},"end":{"line":21,"column":53}},"8":{"start":{"line":21,"column":27},"end":{"line":21,"column":51}},"9":{"start":{"line":25,"column":0},"end":{"line":25,"column":68}},"10":{"start":{"line":25,"column":42},"end":{"line":25,"column":66}},"11":{"start":{"line":27,"column":0},"end":{"line":38,"column":2}},"12":{"start":{"line":28,"column":4},"end":{"line":37,"column":5}},"13":{"start":{"line":29,"column":24},"end":{"line":29,"column":47}},"14":{"start":{"line":30,"column":30},"end":{"line":30,"column":80}},"15":{"start":{"line":30,"column":59},"end":{"line":30,"column":79}},"16":{"start":{"line":31,"column":8},"end":{"line":33,"column":9}},"17":{"start":{"line":32,"column":12},"end":{"line":32,"column":57}},"18":{"start":{"line":34,"column":8},"end":{"line":34,"column":31}},"19":{"start":{"line":36,"column":8},"end":{"line":36,"column":54}},"20":{"start":{"line":40,"column":0},"end":{"line":48,"column":2}},"21":{"start":{"line":41,"column":21},"end":{"line":41,"column":35}},"22":{"start":{"line":42,"column":23},"end":{"line":42,"column":39}},"23":{"start":{"line":43,"column":18},"end":{"line":43,"column":66}},"24":{"start":{"line":44,"column":21},"end":{"line":44,"column":105}},"25":{"start":{"line":46,"column":4},"end":{"line":46,"column":33}},"26":{"start":{"line":47,"column":4},"end":{"line":47,"column":34}},"27":{"start":{"line":50,"column":0},"end":{"line":64,"column":2}},"28":{"start":{"line":51,"column":4},"end":{"line":63,"column":5}},"29":{"start":{"line":52,"column":24},"end":{"line":52,"column":47}},"30":{"start":{"line":53,"column":30},"end":{"line":53,"column":80}},"31":{"start":{"line":53,"column":59},"end":{"line":53,"column":79}},"32":{"start":{"line":54,"column":24},"end":{"line":54,"column":32}},"33":{"start":{"line":55,"column":8},"end":{"line":60,"column":9}},"34":{"start":{"line":56,"column":12},"end":{"line":56,"column":57}},"35":{"start":{"line":58,"column":12},"end":{"line":58,"column":49}},"36":{"start":{"line":59,"column":12},"end":{"line":59,"column":47}},"37":{"start":{"line":62,"column":8},"end":{"line":62,"column":54}},"38":{"start":{"line":68,"column":0},"end":{"line":68,"column":55}},"39":{"start":{"line":68,"column":35},"end":{"line":68,"column":53}},"40":{"start":{"line":70,"column":0},"end":{"line":81,"column":2}},"41":{"start":{"line":71,"column":4},"end":{"line":80,"column":5}},"42":{"start":{"line":72,"column":26},"end":{"line":72,"column":49}},"43":{"start":{"line":73,"column":32},"end":{"line":73,"column":82}},"44":{"start":{"line":73,"column":57},"end":{"line":73,"column":81}},"45":{"start":{"line":74,"column":8},"end":{"line":76,"column":9}},"46":{"start":{"line":75,"column":12},"end":{"line":75,"column":59}},"47":{"start":{"line":77,"column":8},"end":{"line":77,"column":33}},"48":{"start":{"line":79,"column":8},"end":{"line":79,"column":54}},"49":{"start":{"line":83,"column":0},"end":{"line":91,"column":2}},"50":{"start":{"line":84,"column":23},"end":{"line":84,"column":39}},"51":{"start":{"line":85,"column":23},"end":{"line":85,"column":39}},"52":{"start":{"line":86,"column":18},"end":{"line":86,"column":54}},"53":{"start":{"line":87,"column":23},"end":{"line":87,"column":102}},"54":{"start":{"line":89,"column":4},"end":{"line":89,"column":29}},"55":{"start":{"line":90,"column":4},"end":{"line":90,"column":36}},"56":{"start":{"line":93,"column":0},"end":{"line":107,"column":2}},"57":{"start":{"line":94,"column":4},"end":{"line":106,"column":5}},"58":{"start":{"line":95,"column":26},"end":{"line":95,"column":49}},"59":{"start":{"line":96,"column":32},"end":{"line":96,"column":82}},"60":{"start":{"line":96,"column":57},"end":{"line":96,"column":81}},"61":{"start":{"line":97,"column":24},"end":{"line":97,"column":32}},"62":{"start":{"line":98,"column":8},"end":{"line":103,"column":9}},"63":{"start":{"line":99,"column":12},"end":{"line":99,"column":59}},"64":{"start":{"line":101,"column":12},"end":{"line":101,"column":51}},"65":{"start":{"line":102,"column":12},"end":{"line":102,"column":49}},"66":{"start":{"line":105,"column":8},"end":{"line":105,"column":54}},"67":{"start":{"line":109,"column":0},"end":{"line":109,"column":20}}},"fnMap":{"0":{"name":"(anonymous_0)","decl":{"start":{"line":21,"column":13},"end":{"line":21,"column":14}},"loc":{"start":{"line":21,"column":27},"end":{"line":21,"column":51}},"line":21},"1":{"name":"(anonymous_1)","decl":{"start":{"line":25,"column":28},"end":{"line":25,"column":29}},"loc":{"start":{"line":25,"column":42},"end":{"line":25,"column":66}},"line":25},"2":{"name":"(anonymous_2)","decl":{"start":{"line":27,"column":32},"end":{"line":27,"column":33}},"loc":{"start":{"line":27,"column":46},"end":{"line":38,"column":1}},"line":27},"3":{"name":"(anonymous_3)","decl":{"start":{"line":30,"column":50},"end":{"line":30,"column":51}},"loc":{"start":{"line":30,"column":59},"end":{"line":30,"column":79}},"line":30},"4":{"name":"(anonymous_4)","decl":{"start":{"line":40,"column":29},"end":{"line":40,"column":30}},"loc":{"start":{"line":40,"column":43},"end":{"line":48,"column":1}},"line":40},"5":{"name":"(anonymous_5)","decl":{"start":{"line":50,"column":34},"end":{"line":50,"column":35}},"loc":{"start":{"line":50,"column":48},"end":{"line":64,"column":1}},"line":50},"6":{"name":"(anonymous_6)","decl":{"start":{"line":53,"column":50},"end":{"line":53,"column":51}},"loc":{"start":{"line":53,"column":59},"end":{"line":53,"column":79}},"line":53},"7":{"name":"(anonymous_7)","decl":{"start":{"line":68,"column":21},"end":{"line":68,"column":22}},"loc":{"start":{"line":68,"column":35},"end":{"line":68,"column":53}},"line":68},"8":{"name":"(anonymous_8)","decl":{"start":{"line":70,"column":25},"end":{"line":70,"column":26}},"loc":{"start":{"line":70,"column":39},"end":{"line":81,"column":1}},"line":70},"9":{"name":"(anonymous_9)","decl":{"start":{"line":73,"column":46},"end":{"line":73,"column":47}},"loc":{"start":{"line":73,"column":57},"end":{"line":73,"column":81}},"line":73},"10":{"name":"(anonymous_10)","decl":{"start":{"line":83,"column":22},"end":{"line":83,"column":23}},"loc":{"start":{"line":83,"column":36},"end":{"line":91,"column":1}},"line":83},"11":{"name":"(anonymous_11)","decl":{"start":{"line":93,"column":27},"end":{"line":93,"column":28}},"loc":{"start":{"line":93,"column":41},"end":{"line":107,"column":1}},"line":93},"12":{"name":"(anonymous_12)","decl":{"start":{"line":96,"column":46},"end":{"line":96,"column":47}},"loc":{"start":{"line":96,"column":57},"end":{"line":96,"column":81}},"line":96}},"branchMap":{"0":{"loc":{"start":{"line":31,"column":8},"end":{"line":33,"column":9}},"type":"if","locations":[{"start":{"line":31,"column":8},"end":{"line":33,"column":9}},{"start":{},"end":{}}],"line":31},"1":{"loc":{"start":{"line":55,"column":8},"end":{"line":60,"column":9}},"type":"if","locations":[{"start":{"line":55,"column":8},"end":{"line":60,"column":9}},{"start":{"line":57,"column":15},"end":{"line":60,"column":9}}],"line":55},"2":{"loc":{"start":{"line":74,"column":8},"end":{"line":76,"column":9}},"type":"if","locations":[{"start":{"line":74,"column":8},"end":{"line":76,"column":9}},{"start":{},"end":{}}],"line":74},"3":{"loc":{"start":{"line":98,"column":8},"end":{"line":103,"column":9}},"type":"if","locations":[{"start":{"line":98,"column":8},"end":{"line":103,"column":9}},{"start":{"line":100,"column":15},"end":{"line":103,"column":9}}],"line":98}},"s":{"0":1,"1":1,"2":1,"3":1,"4":1,"5":1,"6":1,"7":1,"8":1,"9":1,"10":1,"11":1,"12":1,"13":1,"14":1,"15":2,"16":1,"17":0,"18":1,"19":0,"20":1,"21":1,"22":1,"23":1,"24":1,"25":1,"26":1,"27":1,"28":1,"29":1,"30":1,"31":1,"32":1,"33":1,"34":0,"35":1,"36":1,"37":0,"38":1,"39":1,"40":1,"41":1,"42":1,"43":1,"44":3,"45":1,"46":1,"47":0,"48":1,"49":1,"50":1,"51":1,"52":1,"53":1,"54":1,"55":1,"56":1,"57":1,"58":1,"59":1,"60":1,"61":1,"62":1,"63":0,"64":1,"65":1,"66":0,"67":1},"f":{"0":1,"1":1,"2":1,"3":2,"4":1,"5":1,"6":1,"7":1,"8":1,"9":3,"10":1,"11":1,"12":1},"b":{"0":[0,1],"1":[0,1],"2":[1,0],"3":[0,1]},"_coverageSchema":"1a1c01bbd47fc00a2c39e90264f33305004495a9","hash":"911cc9e0216c93bc8e51a44d4f43a5dd7d67b76f"}
}
