{"C:\\Users\\stefa\\futureproof\\wk3\\friday\\app.js": {"path":"C:\\Users\\stefa\\futureproof\\wk3\\friday\\app.js","statementMap":{"0":{"start":{"line":1,"column":16},"end":{"line":1,"column":34}},"1":{"start":{"line":2,"column":12},"end":{"line":2,"column":21}},"2":{"start":{"line":3,"column":13},"end":{"line":3,"column":28}},"3":{"start":{"line":5,"column":23},"end":{"line":9,"column":1}},"4":{"start":{"line":11,"column":17},"end":{"line":16,"column":1}},"5":{"start":{"line":18,"column":0},"end":{"line":18,"column":16}},"6":{"start":{"line":19,"column":0},"end":{"line":19,"column":24}},"7":{"start":{"line":21,"column":0},"end":{"line":21,"column":53}},"8":{"start":{"line":21,"column":27},"end":{"line":21,"column":51}},"9":{"start":{"line":25,"column":0},"end":{"line":25,"column":68}},"10":{"start":{"line":25,"column":42},"end":{"line":25,"column":66}},"11":{"start":{"line":27,"column":0},"end":{"line":38,"column":2}},"12":{"start":{"line":28,"column":4},"end":{"line":37,"column":5}},"13":{"start":{"line":29,"column":24},"end":{"line":29,"column":47}},"14":{"start":{"line":30,"column":30},"end":{"line":30,"column":80}},"15":{"start":{"line":30,"column":59},"end":{"line":30,"column":79}},"16":{"start":{"line":31,"column":8},"end":{"line":33,"column":9}},"17":{"start":{"line":32,"column":12},"end":{"line":32,"column":57}},"18":{"start":{"line":34,"column":8},"end":{"line":34,"column":31}},"19":{"start":{"line":36,"column":8},"end":{"line":36,"column":54}},"20":{"start":{"line":40,"column":0},"end":{"line":48,"column":2}},"21":{"start":{"line":41,"column":21},"end":{"line":41,"column":35}},"22":{"start":{"line":42,"column":23},"end":{"line":42,"column":39}},"23":{"start":{"line":43,"column":18},"end":{"line":43,"column":66}},"24":{"start":{"line":44,"column":21},"end":{"line":44,"column":72}},"25":{"start":{"line":46,"column":4},"end":{"line":46,"column":33}},"26":{"start":{"line":47,"column":4},"end":{"line":47,"column":34}},"27":{"start":{"line":52,"column":0},"end":{"line":52,"column":55}},"28":{"start":{"line":52,"column":35},"end":{"line":52,"column":53}},"29":{"start":{"line":54,"column":0},"end":{"line":65,"column":2}},"30":{"start":{"line":55,"column":4},"end":{"line":64,"column":5}},"31":{"start":{"line":56,"column":26},"end":{"line":56,"column":49}},"32":{"start":{"line":57,"column":32},"end":{"line":57,"column":82}},"33":{"start":{"line":57,"column":57},"end":{"line":57,"column":81}},"34":{"start":{"line":58,"column":8},"end":{"line":60,"column":9}},"35":{"start":{"line":59,"column":12},"end":{"line":59,"column":59}},"36":{"start":{"line":61,"column":8},"end":{"line":61,"column":33}},"37":{"start":{"line":63,"column":8},"end":{"line":63,"column":54}},"38":{"start":{"line":67,"column":0},"end":{"line":75,"column":2}},"39":{"start":{"line":68,"column":23},"end":{"line":68,"column":39}},"40":{"start":{"line":69,"column":23},"end":{"line":69,"column":39}},"41":{"start":{"line":70,"column":18},"end":{"line":70,"column":54}},"42":{"start":{"line":71,"column":23},"end":{"line":71,"column":78}},"43":{"start":{"line":73,"column":4},"end":{"line":73,"column":29}},"44":{"start":{"line":74,"column":4},"end":{"line":74,"column":36}},"45":{"start":{"line":77,"column":0},"end":{"line":77,"column":20}}},"fnMap":{"0":{"name":"(anonymous_0)","decl":{"start":{"line":21,"column":13},"end":{"line":21,"column":14}},"loc":{"start":{"line":21,"column":27},"end":{"line":21,"column":51}},"line":21},"1":{"name":"(anonymous_1)","decl":{"start":{"line":25,"column":28},"end":{"line":25,"column":29}},"loc":{"start":{"line":25,"column":42},"end":{"line":25,"column":66}},"line":25},"2":{"name":"(anonymous_2)","decl":{"start":{"line":27,"column":32},"end":{"line":27,"column":33}},"loc":{"start":{"line":27,"column":46},"end":{"line":38,"column":1}},"line":27},"3":{"name":"(anonymous_3)","decl":{"start":{"line":30,"column":50},"end":{"line":30,"column":51}},"loc":{"start":{"line":30,"column":59},"end":{"line":30,"column":79}},"line":30},"4":{"name":"(anonymous_4)","decl":{"start":{"line":40,"column":29},"end":{"line":40,"column":30}},"loc":{"start":{"line":40,"column":43},"end":{"line":48,"column":1}},"line":40},"5":{"name":"(anonymous_5)","decl":{"start":{"line":52,"column":21},"end":{"line":52,"column":22}},"loc":{"start":{"line":52,"column":35},"end":{"line":52,"column":53}},"line":52},"6":{"name":"(anonymous_6)","decl":{"start":{"line":54,"column":25},"end":{"line":54,"column":26}},"loc":{"start":{"line":54,"column":39},"end":{"line":65,"column":1}},"line":54},"7":{"name":"(anonymous_7)","decl":{"start":{"line":57,"column":46},"end":{"line":57,"column":47}},"loc":{"start":{"line":57,"column":57},"end":{"line":57,"column":81}},"line":57},"8":{"name":"(anonymous_8)","decl":{"start":{"line":67,"column":22},"end":{"line":67,"column":23}},"loc":{"start":{"line":67,"column":36},"end":{"line":75,"column":1}},"line":67}},"branchMap":{"0":{"loc":{"start":{"line":31,"column":8},"end":{"line":33,"column":9}},"type":"if","locations":[{"start":{"line":31,"column":8},"end":{"line":33,"column":9}},{"start":{},"end":{}}],"line":31},"1":{"loc":{"start":{"line":58,"column":8},"end":{"line":60,"column":9}},"type":"if","locations":[{"start":{"line":58,"column":8},"end":{"line":60,"column":9}},{"start":{},"end":{}}],"line":58}},"s":{"0":1,"1":1,"2":1,"3":1,"4":1,"5":1,"6":1,"7":1,"8":1,"9":1,"10":1,"11":1,"12":1,"13":1,"14":1,"15":2,"16":1,"17":0,"18":1,"19":0,"20":1,"21":0,"22":0,"23":0,"24":0,"25":0,"26":0,"27":1,"28":1,"29":1,"30":1,"31":1,"32":1,"33":3,"34":1,"35":1,"36":0,"37":1,"38":1,"39":0,"40":0,"41":0,"42":0,"43":0,"44":0,"45":1},"f":{"0":1,"1":1,"2":1,"3":2,"4":0,"5":1,"6":1,"7":3,"8":0},"b":{"0":[0,1],"1":[1,0]},"_coverageSchema":"1a1c01bbd47fc00a2c39e90264f33305004495a9","hash":"9524c3ff6a5d9dc568aae7960e7555e2545d9cf3"}
}
