TN:
SF:app.js
FN:32,(anonymous_0)
FN:36,(anonymous_1)
FN:38,(anonymous_2)
FN:41,(anonymous_3)
FN:51,(anonymous_4)
FN:62,(anonymous_5)
FN:65,(anonymous_6)
FN:80,(anonymous_7)
FN:82,(anonymous_8)
FN:85,(anonymous_9)
FN:96,(anonymous_10)
FN:99,(anonymous_11)
FN:111,(anonymous_12)
FN:121,(anonymous_13)
FN:124,(anonymous_14)
FNF:15
FNH:15
FNDA:1,(anonymous_0)
FNDA:1,(anonymous_1)
FNDA:1,(anonymous_2)
FNDA:2,(anonymous_3)
FNDA:1,(anonymous_4)
FNDA:1,(anonymous_5)
FNDA:1,(anonymous_6)
FNDA:1,(anonymous_7)
FNDA:1,(anonymous_8)
FNDA:13,(anonymous_9)
FNDA:1,(anonymous_10)
FNDA:13,(anonymous_11)
FNDA:1,(anonymous_12)
FNDA:1,(anonymous_13)
FNDA:1,(anonymous_14)
DA:1,1
DA:2,1
DA:3,1
DA:5,1
DA:13,1
DA:29,1
DA:30,1
DA:32,1
DA:36,1
DA:38,1
DA:39,1
DA:40,1
DA:41,2
DA:42,1
DA:43,0
DA:45,1
DA:47,0
DA:51,1
DA:52,1
DA:53,1
DA:54,1
DA:55,1
DA:56,1
DA:58,1
DA:59,1
DA:62,1
DA:63,1
DA:64,1
DA:65,1
DA:66,1
DA:67,1
DA:68,0
DA:70,1
DA:71,1
DA:74,0
DA:80,1
DA:82,1
DA:83,1
DA:84,1
DA:85,13
DA:86,1
DA:87,1
DA:88,1
DA:90,0
DA:92,1
DA:96,1
DA:97,1
DA:98,1
DA:99,13
DA:100,1
DA:101,0
DA:102,0
DA:104,1
DA:105,1
DA:107,0
DA:111,1
DA:112,1
DA:113,1
DA:114,1
DA:115,1
DA:117,1
DA:118,1
DA:121,1
DA:122,1
DA:123,1
DA:124,1
DA:125,1
DA:126,1
DA:127,0
DA:129,1
DA:130,1
DA:133,0
DA:137,1
LF:73
LH:63
BRDA:42,0,0,0
BRDA:42,0,1,1
BRDA:67,1,0,0
BRDA:67,1,1,1
BRDA:86,2,0,1
BRDA:86,2,1,0
BRDA:100,3,0,0
BRDA:100,3,1,1
BRDA:126,4,0,0
BRDA:126,4,1,1
BRF:10
BRH:5
end_of_record
